2015-11-23 05:52:30 Debug: Notice (8): Undefined variable: prod in [C:\xampp\htdocs\qasystems\View\Claims\index.ctp, line 37]
Trace:
include - APP\View\Claims\index.ctp, line 37
View::_evaluate() - CORE\Cake\View\View.php, line 971
View::_render() - CORE\Cake\View\View.php, line 933
View::render() - CORE\Cake\View\View.php, line 473
Controller::render() - CORE\Cake\Controller\Controller.php, line 960
Dispatcher::_invoke() - CORE\Cake\Routing\Dispatcher.php, line 200
Dispatcher::dispatch() - CORE\Cake\Routing\Dispatcher.php, line 167
[main] - APP\webroot\index.php, line 106

2015-11-23 05:52:30 Debug: Notice (8): Undefined variable: id in [C:\xampp\htdocs\qasystems\View\Claims\index.ctp, line 65]
Trace:
include - APP\View\Claims\index.ctp, line 65
View::_evaluate() - CORE\Cake\View\View.php, line 971
View::_render() - CORE\Cake\View\View.php, line 933
View::render() - CORE\Cake\View\View.php, line 473
Controller::render() - CORE\Cake\Controller\Controller.php, line 960
Dispatcher::_invoke() - CORE\Cake\Routing\Dispatcher.php, line 200
Dispatcher::dispatch() - CORE\Cake\Routing\Dispatcher.php, line 167
[main] - APP\webroot\index.php, line 106

2015-11-23 06:30:29 Debug: Notice (8): Undefined variable: prod in [C:\xampp\htdocs\qasystems\View\Claims\index.ctp, line 37]
Trace:
include - APP\View\Claims\index.ctp, line 37
View::_evaluate() - CORE\Cake\View\View.php, line 971
View::_render() - CORE\Cake\View\View.php, line 933
View::render() - CORE\Cake\View\View.php, line 473
Controller::render() - CORE\Cake\Controller\Controller.php, line 960
Dispatcher::_invoke() - CORE\Cake\Routing\Dispatcher.php, line 200
Dispatcher::dispatch() - CORE\Cake\Routing\Dispatcher.php, line 167
[main] - APP\webroot\index.php, line 106

2015-11-23 06:30:29 Debug: Notice (8): Undefined variable: id in [C:\xampp\htdocs\qasystems\View\Claims\index.ctp, line 65]
Trace:
include - APP\View\Claims\index.ctp, line 65
View::_evaluate() - CORE\Cake\View\View.php, line 971
View::_render() - CORE\Cake\View\View.php, line 933
View::render() - CORE\Cake\View\View.php, line 473
Controller::render() - CORE\Cake\Controller\Controller.php, line 960
Dispatcher::_invoke() - CORE\Cake\Routing\Dispatcher.php, line 200
Dispatcher::dispatch() - CORE\Cake\Routing\Dispatcher.php, line 167
[main] - APP\webroot\index.php, line 106

2015-11-23 06:32:04 Debug: Notice (8): Undefined variable: prod in [C:\xampp\htdocs\qasystems\View\Claims\index.ctp, line 39]
Trace:
include - APP\View\Claims\index.ctp, line 39
View::_evaluate() - CORE\Cake\View\View.php, line 971
View::_render() - CORE\Cake\View\View.php, line 933
View::render() - CORE\Cake\View\View.php, line 473
Controller::render() - CORE\Cake\Controller\Controller.php, line 960
Dispatcher::_invoke() - CORE\Cake\Routing\Dispatcher.php, line 200
Dispatcher::dispatch() - CORE\Cake\Routing\Dispatcher.php, line 167
[main] - APP\webroot\index.php, line 106

2015-11-23 06:32:04 Debug: Notice (8): Undefined variable: id in [C:\xampp\htdocs\qasystems\View\Claims\index.ctp, line 67]
Trace:
include - APP\View\Claims\index.ctp, line 67
View::_evaluate() - CORE\Cake\View\View.php, line 971
View::_render() - CORE\Cake\View\View.php, line 933
View::render() - CORE\Cake\View\View.php, line 473
Controller::render() - CORE\Cake\Controller\Controller.php, line 960
Dispatcher::_invoke() - CORE\Cake\Routing\Dispatcher.php, line 200
Dispatcher::dispatch() - CORE\Cake\Routing\Dispatcher.php, line 167
[main] - APP\webroot\index.php, line 106

2015-11-23 06:48:59 Debug: Notice (8): Undefined variable: prod in [C:\xampp\htdocs\qasystems\View\Claims\index.ctp, line 37]
Trace:
include - APP\View\Claims\index.ctp, line 37
View::_evaluate() - CORE\Cake\View\View.php, line 971
View::_render() - CORE\Cake\View\View.php, line 933
View::render() - CORE\Cake\View\View.php, line 473
Controller::render() - CORE\Cake\Controller\Controller.php, line 960
Dispatcher::_invoke() - CORE\Cake\Routing\Dispatcher.php, line 200
Dispatcher::dispatch() - CORE\Cake\Routing\Dispatcher.php, line 167
[main] - APP\webroot\index.php, line 106

2015-11-23 06:48:59 Debug: Notice (8): Undefined variable: id in [C:\xampp\htdocs\qasystems\View\Claims\index.ctp, line 68]
Trace:
include - APP\View\Claims\index.ctp, line 68
View::_evaluate() - CORE\Cake\View\View.php, line 971
View::_render() - CORE\Cake\View\View.php, line 933
View::render() - CORE\Cake\View\View.php, line 473
Controller::render() - CORE\Cake\Controller\Controller.php, line 960
Dispatcher::_invoke() - CORE\Cake\Routing\Dispatcher.php, line 200
Dispatcher::dispatch() - CORE\Cake\Routing\Dispatcher.php, line 167
[main] - APP\webroot\index.php, line 106

2015-11-23 09:36:52 Debug: Notice (8): Undefined variable: prod in [C:\xampp\htdocs\qasystems\View\Claims\index.ctp, line 37]
Trace:
include - APP\View\Claims\index.ctp, line 37
View::_evaluate() - CORE\Cake\View\View.php, line 971
View::_render() - CORE\Cake\View\View.php, line 933
View::render() - CORE\Cake\View\View.php, line 473
Controller::render() - CORE\Cake\Controller\Controller.php, line 960
Dispatcher::_invoke() - CORE\Cake\Routing\Dispatcher.php, line 200
Dispatcher::dispatch() - CORE\Cake\Routing\Dispatcher.php, line 167
[main] - APP\webroot\index.php, line 106

2015-11-23 09:36:52 Debug: Notice (8): Undefined variable: id in [C:\xampp\htdocs\qasystems\View\Claims\index.ctp, line 68]
Trace:
include - APP\View\Claims\index.ctp, line 68
View::_evaluate() - CORE\Cake\View\View.php, line 971
View::_render() - CORE\Cake\View\View.php, line 933
View::render() - CORE\Cake\View\View.php, line 473
Controller::render() - CORE\Cake\Controller\Controller.php, line 960
Dispatcher::_invoke() - CORE\Cake\Routing\Dispatcher.php, line 200
Dispatcher::dispatch() - CORE\Cake\Routing\Dispatcher.php, line 167
[main] - APP\webroot\index.php, line 106

2015-11-23 09:38:09 Debug: Notice (8): Undefined variable: prod in [C:\xampp\htdocs\qasystems\View\Claims\index.ctp, line 37]
Trace:
include - APP\View\Claims\index.ctp, line 37
View::_evaluate() - CORE\Cake\View\View.php, line 971
View::_render() - CORE\Cake\View\View.php, line 933
View::render() - CORE\Cake\View\View.php, line 473
Controller::render() - CORE\Cake\Controller\Controller.php, line 960
Dispatcher::_invoke() - CORE\Cake\Routing\Dispatcher.php, line 200
Dispatcher::dispatch() - CORE\Cake\Routing\Dispatcher.php, line 167
[main] - APP\webroot\index.php, line 106

2015-11-23 09:38:09 Debug: Notice (8): Undefined variable: id in [C:\xampp\htdocs\qasystems\View\Claims\index.ctp, line 68]
Trace:
include - APP\View\Claims\index.ctp, line 68
View::_evaluate() - CORE\Cake\View\View.php, line 971
View::_render() - CORE\Cake\View\View.php, line 933
View::render() - CORE\Cake\View\View.php, line 473
Controller::render() - CORE\Cake\Controller\Controller.php, line 960
Dispatcher::_invoke() - CORE\Cake\Routing\Dispatcher.php, line 200
Dispatcher::dispatch() - CORE\Cake\Routing\Dispatcher.php, line 167
[main] - APP\webroot\index.php, line 106

2015-11-23 09:42:00 Debug: Notice (8): Undefined variable: prod in [C:\xampp\htdocs\qasystems\View\Claims\index.ctp, line 37]
Trace:
include - APP\View\Claims\index.ctp, line 37
View::_evaluate() - CORE\Cake\View\View.php, line 971
View::_render() - CORE\Cake\View\View.php, line 933
View::render() - CORE\Cake\View\View.php, line 473
Controller::render() - CORE\Cake\Controller\Controller.php, line 960
Dispatcher::_invoke() - CORE\Cake\Routing\Dispatcher.php, line 200
Dispatcher::dispatch() - CORE\Cake\Routing\Dispatcher.php, line 167
[main] - APP\webroot\index.php, line 106

2015-11-23 09:42:00 Debug: Notice (8): Undefined variable: id in [C:\xampp\htdocs\qasystems\View\Claims\index.ctp, line 68]
Trace:
include - APP\View\Claims\index.ctp, line 68
View::_evaluate() - CORE\Cake\View\View.php, line 971
View::_render() - CORE\Cake\View\View.php, line 933
View::render() - CORE\Cake\View\View.php, line 473
Controller::render() - CORE\Cake\Controller\Controller.php, line 960
Dispatcher::_invoke() - CORE\Cake\Routing\Dispatcher.php, line 200
Dispatcher::dispatch() - CORE\Cake\Routing\Dispatcher.php, line 167
[main] - APP\webroot\index.php, line 106

2015-11-23 09:42:08 Debug: Notice (8): Undefined variable: prod in [C:\xampp\htdocs\qasystems\View\Claims\index.ctp, line 37]
Trace:
include - APP\View\Claims\index.ctp, line 37
View::_evaluate() - CORE\Cake\View\View.php, line 971
View::_render() - CORE\Cake\View\View.php, line 933
View::render() - CORE\Cake\View\View.php, line 473
Controller::render() - CORE\Cake\Controller\Controller.php, line 960
Dispatcher::_invoke() - CORE\Cake\Routing\Dispatcher.php, line 200
Dispatcher::dispatch() - CORE\Cake\Routing\Dispatcher.php, line 167
[main] - APP\webroot\index.php, line 106

2015-11-23 09:42:08 Debug: Notice (8): Undefined variable: id in [C:\xampp\htdocs\qasystems\View\Claims\index.ctp, line 68]
Trace:
include - APP\View\Claims\index.ctp, line 68
View::_evaluate() - CORE\Cake\View\View.php, line 971
View::_render() - CORE\Cake\View\View.php, line 933
View::render() - CORE\Cake\View\View.php, line 473
Controller::render() - CORE\Cake\Controller\Controller.php, line 960
Dispatcher::_invoke() - CORE\Cake\Routing\Dispatcher.php, line 200
Dispatcher::dispatch() - CORE\Cake\Routing\Dispatcher.php, line 167
[main] - APP\webroot\index.php, line 106

2015-11-23 09:42:22 Debug: Notice (8): Undefined variable: prod in [C:\xampp\htdocs\qasystems\View\Claims\index.ctp, line 37]
Trace:
include - APP\View\Claims\index.ctp, line 37
View::_evaluate() - CORE\Cake\View\View.php, line 971
View::_render() - CORE\Cake\View\View.php, line 933
View::render() - CORE\Cake\View\View.php, line 473
Controller::render() - CORE\Cake\Controller\Controller.php, line 960
Dispatcher::_invoke() - CORE\Cake\Routing\Dispatcher.php, line 200
Dispatcher::dispatch() - CORE\Cake\Routing\Dispatcher.php, line 167
[main] - APP\webroot\index.php, line 106

2015-11-23 09:42:22 Debug: Notice (8): Undefined variable: id in [C:\xampp\htdocs\qasystems\View\Claims\index.ctp, line 68]
Trace:
include - APP\View\Claims\index.ctp, line 68
View::_evaluate() - CORE\Cake\View\View.php, line 971
View::_render() - CORE\Cake\View\View.php, line 933
View::render() - CORE\Cake\View\View.php, line 473
Controller::render() - CORE\Cake\Controller\Controller.php, line 960
Dispatcher::_invoke() - CORE\Cake\Routing\Dispatcher.php, line 200
Dispatcher::dispatch() - CORE\Cake\Routing\Dispatcher.php, line 167
[main] - APP\webroot\index.php, line 106

2015-11-23 09:52:36 Debug: Notice (8): Undefined variable: prod in [C:\xampp\htdocs\qasystems\View\Claims\index.ctp, line 37]
Trace:
include - APP\View\Claims\index.ctp, line 37
View::_evaluate() - CORE\Cake\View\View.php, line 971
View::_render() - CORE\Cake\View\View.php, line 933
View::render() - CORE\Cake\View\View.php, line 473
Controller::render() - CORE\Cake\Controller\Controller.php, line 960
Dispatcher::_invoke() - CORE\Cake\Routing\Dispatcher.php, line 200
Dispatcher::dispatch() - CORE\Cake\Routing\Dispatcher.php, line 167
[main] - APP\webroot\index.php, line 106

2015-11-23 09:52:36 Debug: Notice (8): Undefined variable: id in [C:\xampp\htdocs\qasystems\View\Claims\index.ctp, line 68]
Trace:
include - APP\View\Claims\index.ctp, line 68
View::_evaluate() - CORE\Cake\View\View.php, line 971
View::_render() - CORE\Cake\View\View.php, line 933
View::render() - CORE\Cake\View\View.php, line 473
Controller::render() - CORE\Cake\Controller\Controller.php, line 960
Dispatcher::_invoke() - CORE\Cake\Routing\Dispatcher.php, line 200
Dispatcher::dispatch() - CORE\Cake\Routing\Dispatcher.php, line 167
[main] - APP\webroot\index.php, line 106

2015-11-23 10:06:25 Debug: Notice (8): Undefined variable: prod in [C:\xampp\htdocs\qasystems\View\Claims\index.ctp, line 37]
Trace:
include - APP\View\Claims\index.ctp, line 37
View::_evaluate() - CORE\Cake\View\View.php, line 971
View::_render() - CORE\Cake\View\View.php, line 933
View::render() - CORE\Cake\View\View.php, line 473
Controller::render() - CORE\Cake\Controller\Controller.php, line 960
Dispatcher::_invoke() - CORE\Cake\Routing\Dispatcher.php, line 200
Dispatcher::dispatch() - CORE\Cake\Routing\Dispatcher.php, line 167
[main] - APP\webroot\index.php, line 106

2015-11-23 10:06:25 Debug: Notice (8): Undefined variable: id in [C:\xampp\htdocs\qasystems\View\Claims\index.ctp, line 68]
Trace:
include - APP\View\Claims\index.ctp, line 68
View::_evaluate() - CORE\Cake\View\View.php, line 971
View::_render() - CORE\Cake\View\View.php, line 933
View::render() - CORE\Cake\View\View.php, line 473
Controller::render() - CORE\Cake\Controller\Controller.php, line 960
Dispatcher::_invoke() - CORE\Cake\Routing\Dispatcher.php, line 200
Dispatcher::dispatch() - CORE\Cake\Routing\Dispatcher.php, line 167
[main] - APP\webroot\index.php, line 106

2015-11-23 10:06:39 Debug: Notice (8): Undefined variable: prod in [C:\xampp\htdocs\qasystems\View\Claims\index.ctp, line 37]
Trace:
include - APP\View\Claims\index.ctp, line 37
View::_evaluate() - CORE\Cake\View\View.php, line 971
View::_render() - CORE\Cake\View\View.php, line 933
View::render() - CORE\Cake\View\View.php, line 473
Controller::render() - CORE\Cake\Controller\Controller.php, line 960
Dispatcher::_invoke() - CORE\Cake\Routing\Dispatcher.php, line 200
Dispatcher::dispatch() - CORE\Cake\Routing\Dispatcher.php, line 167
[main] - APP\webroot\index.php, line 106

2015-11-23 10:06:39 Debug: Notice (8): Undefined variable: id in [C:\xampp\htdocs\qasystems\View\Claims\index.ctp, line 68]
Trace:
include - APP\View\Claims\index.ctp, line 68
View::_evaluate() - CORE\Cake\View\View.php, line 971
View::_render() - CORE\Cake\View\View.php, line 933
View::render() - CORE\Cake\View\View.php, line 473
Controller::render() - CORE\Cake\Controller\Controller.php, line 960
Dispatcher::_invoke() - CORE\Cake\Routing\Dispatcher.php, line 200
Dispatcher::dispatch() - CORE\Cake\Routing\Dispatcher.php, line 167
[main] - APP\webroot\index.php, line 106

2015-11-23 10:13:41 Debug: Notice (8): Undefined variable: prod in [C:\xampp\htdocs\qasystems\View\Claims\index.ctp, line 37]
Trace:
include - APP\View\Claims\index.ctp, line 37
View::_evaluate() - CORE\Cake\View\View.php, line 971
View::_render() - CORE\Cake\View\View.php, line 933
View::render() - CORE\Cake\View\View.php, line 473
Controller::render() - CORE\Cake\Controller\Controller.php, line 960
Dispatcher::_invoke() - CORE\Cake\Routing\Dispatcher.php, line 200
Dispatcher::dispatch() - CORE\Cake\Routing\Dispatcher.php, line 167
[main] - APP\webroot\index.php, line 106

2015-11-23 10:13:41 Debug: Notice (8): Undefined variable: id in [C:\xampp\htdocs\qasystems\View\Claims\index.ctp, line 68]
Trace:
include - APP\View\Claims\index.ctp, line 68
View::_evaluate() - CORE\Cake\View\View.php, line 971
View::_render() - CORE\Cake\View\View.php, line 933
View::render() - CORE\Cake\View\View.php, line 473
Controller::render() - CORE\Cake\Controller\Controller.php, line 960
Dispatcher::_invoke() - CORE\Cake\Routing\Dispatcher.php, line 200
Dispatcher::dispatch() - CORE\Cake\Routing\Dispatcher.php, line 167
[main] - APP\webroot\index.php, line 106

2015-11-23 10:24:17 Debug: Notice (8): Undefined variable: prod in [C:\xampp\htdocs\qasystems\View\Claims\index.ctp, line 37]
Trace:
include - APP\View\Claims\index.ctp, line 37
View::_evaluate() - CORE\Cake\View\View.php, line 971
View::_render() - CORE\Cake\View\View.php, line 933
View::render() - CORE\Cake\View\View.php, line 473
Controller::render() - CORE\Cake\Controller\Controller.php, line 960
Dispatcher::_invoke() - CORE\Cake\Routing\Dispatcher.php, line 200
Dispatcher::dispatch() - CORE\Cake\Routing\Dispatcher.php, line 167
[main] - APP\webroot\index.php, line 106

2015-11-23 10:24:17 Debug: Notice (8): Undefined variable: id in [C:\xampp\htdocs\qasystems\View\Claims\index.ctp, line 68]
Trace:
include - APP\View\Claims\index.ctp, line 68
View::_evaluate() - CORE\Cake\View\View.php, line 971
View::_render() - CORE\Cake\View\View.php, line 933
View::render() - CORE\Cake\View\View.php, line 473
Controller::render() - CORE\Cake\Controller\Controller.php, line 960
Dispatcher::_invoke() - CORE\Cake\Routing\Dispatcher.php, line 200
Dispatcher::dispatch() - CORE\Cake\Routing\Dispatcher.php, line 167
[main] - APP\webroot\index.php, line 106

2015-11-24 05:05:45 Debug: Notice (8): Undefined variable: prod in [C:\xampp\htdocs\qasystems\View\Claims\index.ctp, line 37]
Trace:
include - APP\View\Claims\index.ctp, line 37
View::_evaluate() - CORE\Cake\View\View.php, line 971
View::_render() - CORE\Cake\View\View.php, line 933
View::render() - CORE\Cake\View\View.php, line 473
Controller::render() - CORE\Cake\Controller\Controller.php, line 960
Dispatcher::_invoke() - CORE\Cake\Routing\Dispatcher.php, line 200
Dispatcher::dispatch() - CORE\Cake\Routing\Dispatcher.php, line 167
[main] - APP\webroot\index.php, line 106

2015-11-24 05:05:45 Debug: Notice (8): Undefined variable: id in [C:\xampp\htdocs\qasystems\View\Claims\index.ctp, line 68]
Trace:
include - APP\View\Claims\index.ctp, line 68
View::_evaluate() - CORE\Cake\View\View.php, line 971
View::_render() - CORE\Cake\View\View.php, line 933
View::render() - CORE\Cake\View\View.php, line 473
Controller::render() - CORE\Cake\Controller\Controller.php, line 960
Dispatcher::_invoke() - CORE\Cake\Routing\Dispatcher.php, line 200
Dispatcher::dispatch() - CORE\Cake\Routing\Dispatcher.php, line 167
[main] - APP\webroot\index.php, line 106

2016-05-20 11:07:41 Debug: Notice (8): Array to string conversion in [C:\xampp\htdocs\qasystems\View\Docs\index.ctp, line 110]
Trace:
include - APP\View\Docs\index.ctp, line 110
View::_evaluate() - CORE\Cake\View\View.php, line 961
View::_render() - CORE\Cake\View\View.php, line 923
View::render() - CORE\Cake\View\View.php, line 473
Controller::render() - CORE\Cake\Controller\Controller.php, line 960
Dispatcher::_invoke() - CORE\Cake\Routing\Dispatcher.php, line 200
Dispatcher::dispatch() - CORE\Cake\Routing\Dispatcher.php, line 167
[main] - APP\webroot\index.php, line 106

2016-05-20 11:07:41 Debug: Notice (8): Array to string conversion in [C:\xampp\htdocs\qasystems\View\Docs\index.ctp, line 111]
Trace:
include - APP\View\Docs\index.ctp, line 111
View::_evaluate() - CORE\Cake\View\View.php, line 961
View::_render() - CORE\Cake\View\View.php, line 923
View::render() - CORE\Cake\View\View.php, line 473
Controller::render() - CORE\Cake\Controller\Controller.php, line 960
Dispatcher::_invoke() - CORE\Cake\Routing\Dispatcher.php, line 200
Dispatcher::dispatch() - CORE\Cake\Routing\Dispatcher.php, line 167
[main] - APP\webroot\index.php, line 106

2016-05-20 11:07:41 Debug: Notice (8): Undefined index: doc in [C:\xampp\htdocs\qasystems\View\Docs\index.ctp, line 116]
Trace:
include - APP\View\Docs\index.ctp, line 116
View::_evaluate() - CORE\Cake\View\View.php, line 961
View::_render() - CORE\Cake\View\View.php, line 923
View::render() - CORE\Cake\View\View.php, line 473
Controller::render() - CORE\Cake\Controller\Controller.php, line 960
Dispatcher::_invoke() - CORE\Cake\Routing\Dispatcher.php, line 200
Dispatcher::dispatch() - CORE\Cake\Routing\Dispatcher.php, line 167
[main] - APP\webroot\index.php, line 106

2016-05-21 16:21:39 Debug: Notice (8): Undefined variable: dep in [C:\xampp\htdocs\qasystems\View\Docs\dept.ctp, line 114]
Trace:
include - APP\View\Docs\dept.ctp, line 114
View::_evaluate() - CORE\Cake\View\View.php, line 961
View::_render() - CORE\Cake\View\View.php, line 923
View::render() - CORE\Cake\View\View.php, line 473
Controller::render() - CORE\Cake\Controller\Controller.php, line 960
Dispatcher::_invoke() - CORE\Cake\Routing\Dispatcher.php, line 200
Dispatcher::dispatch() - CORE\Cake\Routing\Dispatcher.php, line 167
[main] - APP\webroot\index.php, line 106

2016-05-21 16:21:41 Debug: Notice (8): Undefined variable: dep in [C:\xampp\htdocs\qasystems\View\Docs\dept.ctp, line 114]
Trace:
include - APP\View\Docs\dept.ctp, line 114
View::_evaluate() - CORE\Cake\View\View.php, line 961
View::_render() - CORE\Cake\View\View.php, line 923
View::render() - CORE\Cake\View\View.php, line 473
Controller::render() - CORE\Cake\Controller\Controller.php, line 960
Dispatcher::_invoke() - CORE\Cake\Routing\Dispatcher.php, line 200
Dispatcher::dispatch() - CORE\Cake\Routing\Dispatcher.php, line 167
[main] - APP\webroot\index.php, line 106

2016-05-21 16:21:54 Debug: Notice (8): Undefined variable: dep in [C:\xampp\htdocs\qasystems\View\Docs\dept.ctp, line 114]
Trace:
include - APP\View\Docs\dept.ctp, line 114
View::_evaluate() - CORE\Cake\View\View.php, line 961
View::_render() - CORE\Cake\View\View.php, line 923
View::render() - CORE\Cake\View\View.php, line 473
Controller::render() - CORE\Cake\Controller\Controller.php, line 960
Dispatcher::_invoke() - CORE\Cake\Routing\Dispatcher.php, line 200
Dispatcher::dispatch() - CORE\Cake\Routing\Dispatcher.php, line 167
[main] - APP\webroot\index.php, line 106

2016-05-21 16:21:58 Debug: Notice (8): Undefined index: doc in [C:\xampp\htdocs\qasystems\View\Docs\index.ctp, line 113]
Trace:
include - APP\View\Docs\index.ctp, line 113
View::_evaluate() - CORE\Cake\View\View.php, line 961
View::_render() - CORE\Cake\View\View.php, line 923
View::render() - CORE\Cake\View\View.php, line 473
Controller::render() - CORE\Cake\Controller\Controller.php, line 960
Dispatcher::_invoke() - CORE\Cake\Routing\Dispatcher.php, line 200
Dispatcher::dispatch() - CORE\Cake\Routing\Dispatcher.php, line 167
[main] - APP\webroot\index.php, line 106

2016-05-21 16:22:42 Debug: Notice (8): Undefined index: doc in [C:\xampp\htdocs\qasystems\View\Docs\index.ctp, line 113]
Trace:
include - APP\View\Docs\index.ctp, line 113
View::_evaluate() - CORE\Cake\View\View.php, line 961
View::_render() - CORE\Cake\View\View.php, line 923
View::render() - CORE\Cake\View\View.php, line 473
Controller::render() - CORE\Cake\Controller\Controller.php, line 960
Dispatcher::_invoke() - CORE\Cake\Routing\Dispatcher.php, line 200
Dispatcher::dispatch() - CORE\Cake\Routing\Dispatcher.php, line 167
[main] - APP\webroot\index.php, line 106

2016-05-21 16:22:51 Debug: Notice (8): Undefined variable: dep in [C:\xampp\htdocs\qasystems\View\Docs\dept.ctp, line 114]
Trace:
include - APP\View\Docs\dept.ctp, line 114
View::_evaluate() - CORE\Cake\View\View.php, line 961
View::_render() - CORE\Cake\View\View.php, line 923
View::render() - CORE\Cake\View\View.php, line 473
Controller::render() - CORE\Cake\Controller\Controller.php, line 960
Dispatcher::_invoke() - CORE\Cake\Routing\Dispatcher.php, line 200
Dispatcher::dispatch() - CORE\Cake\Routing\Dispatcher.php, line 167
[main] - APP\webroot\index.php, line 106

2016-05-21 16:22:55 Debug: Notice (8): Undefined variable: dep in [C:\xampp\htdocs\qasystems\View\Docs\dept.ctp, line 114]
Trace:
include - APP\View\Docs\dept.ctp, line 114
View::_evaluate() - CORE\Cake\View\View.php, line 961
View::_render() - CORE\Cake\View\View.php, line 923
View::render() - CORE\Cake\View\View.php, line 473
Controller::render() - CORE\Cake\Controller\Controller.php, line 960
Dispatcher::_invoke() - CORE\Cake\Routing\Dispatcher.php, line 200
Dispatcher::dispatch() - CORE\Cake\Routing\Dispatcher.php, line 167
[main] - APP\webroot\index.php, line 106

2016-05-21 16:23:52 Debug: Notice (8): Undefined variable: dep in [C:\xampp\htdocs\qasystems\View\Docs\dept.ctp, line 115]
Trace:
include - APP\View\Docs\dept.ctp, line 115
View::_evaluate() - CORE\Cake\View\View.php, line 961
View::_render() - CORE\Cake\View\View.php, line 923
View::render() - CORE\Cake\View\View.php, line 473
Controller::render() - CORE\Cake\Controller\Controller.php, line 960
Dispatcher::_invoke() - CORE\Cake\Routing\Dispatcher.php, line 200
Dispatcher::dispatch() - CORE\Cake\Routing\Dispatcher.php, line 167
[main] - APP\webroot\index.php, line 106

2016-05-21 16:23:54 Debug: Notice (8): Undefined variable: dep in [C:\xampp\htdocs\qasystems\View\Docs\dept.ctp, line 115]
Trace:
include - APP\View\Docs\dept.ctp, line 115
View::_evaluate() - CORE\Cake\View\View.php, line 961
View::_render() - CORE\Cake\View\View.php, line 923
View::render() - CORE\Cake\View\View.php, line 473
Controller::render() - CORE\Cake\Controller\Controller.php, line 960
Dispatcher::_invoke() - CORE\Cake\Routing\Dispatcher.php, line 200
Dispatcher::dispatch() - CORE\Cake\Routing\Dispatcher.php, line 167
[main] - APP\webroot\index.php, line 106

2016-05-21 16:23:56 Debug: Notice (8): Undefined variable: dep in [C:\xampp\htdocs\qasystems\View\Docs\dept.ctp, line 115]
Trace:
include - APP\View\Docs\dept.ctp, line 115
View::_evaluate() - CORE\Cake\View\View.php, line 961
View::_render() - CORE\Cake\View\View.php, line 923
View::render() - CORE\Cake\View\View.php, line 473
Controller::render() - CORE\Cake\Controller\Controller.php, line 960
Dispatcher::_invoke() - CORE\Cake\Routing\Dispatcher.php, line 200
Dispatcher::dispatch() - CORE\Cake\Routing\Dispatcher.php, line 167
[main] - APP\webroot\index.php, line 106

2016-05-21 16:24:01 Debug: Notice (8): Undefined variable: dep in [C:\xampp\htdocs\qasystems\View\Docs\dept.ctp, line 115]
Trace:
include - APP\View\Docs\dept.ctp, line 115
View::_evaluate() - CORE\Cake\View\View.php, line 961
View::_render() - CORE\Cake\View\View.php, line 923
View::render() - CORE\Cake\View\View.php, line 473
Controller::render() - CORE\Cake\Controller\Controller.php, line 960
Dispatcher::_invoke() - CORE\Cake\Routing\Dispatcher.php, line 200
Dispatcher::dispatch() - CORE\Cake\Routing\Dispatcher.php, line 167
[main] - APP\webroot\index.php, line 106

2016-05-21 16:24:03 Debug: Notice (8): Undefined variable: dep in [C:\xampp\htdocs\qasystems\View\Docs\dept.ctp, line 115]
Trace:
include - APP\View\Docs\dept.ctp, line 115
View::_evaluate() - CORE\Cake\View\View.php, line 961
View::_render() - CORE\Cake\View\View.php, line 923
View::render() - CORE\Cake\View\View.php, line 473
Controller::render() - CORE\Cake\Controller\Controller.php, line 960
Dispatcher::_invoke() - CORE\Cake\Routing\Dispatcher.php, line 200
Dispatcher::dispatch() - CORE\Cake\Routing\Dispatcher.php, line 167
[main] - APP\webroot\index.php, line 106

2016-05-21 16:26:20 Debug: Notice (8): Undefined index: doc in [C:\xampp\htdocs\qasystems\View\Docs\index.ctp, line 113]
Trace:
include - APP\View\Docs\index.ctp, line 113
View::_evaluate() - CORE\Cake\View\View.php, line 961
View::_render() - CORE\Cake\View\View.php, line 923
View::render() - CORE\Cake\View\View.php, line 473
Controller::render() - CORE\Cake\Controller\Controller.php, line 960
Dispatcher::_invoke() - CORE\Cake\Routing\Dispatcher.php, line 200
Dispatcher::dispatch() - CORE\Cake\Routing\Dispatcher.php, line 167
[main] - APP\webroot\index.php, line 106

2016-05-21 16:28:17 Debug: Notice (8): Undefined index: doc in [C:\xampp\htdocs\qasystems\View\Docs\index.ctp, line 113]
Trace:
include - APP\View\Docs\index.ctp, line 113
View::_evaluate() - CORE\Cake\View\View.php, line 961
View::_render() - CORE\Cake\View\View.php, line 923
View::render() - CORE\Cake\View\View.php, line 473
Controller::render() - CORE\Cake\Controller\Controller.php, line 960
Dispatcher::_invoke() - CORE\Cake\Routing\Dispatcher.php, line 200
Dispatcher::dispatch() - CORE\Cake\Routing\Dispatcher.php, line 167
[main] - APP\webroot\index.php, line 106

2016-05-21 16:28:25 Debug: Notice (8): Undefined index: doc in [C:\xampp\htdocs\qasystems\View\Docs\index.ctp, line 113]
Trace:
include - APP\View\Docs\index.ctp, line 113
View::_evaluate() - CORE\Cake\View\View.php, line 961
View::_render() - CORE\Cake\View\View.php, line 923
View::render() - CORE\Cake\View\View.php, line 473
Controller::render() - CORE\Cake\Controller\Controller.php, line 960
Dispatcher::_invoke() - CORE\Cake\Routing\Dispatcher.php, line 200
Dispatcher::dispatch() - CORE\Cake\Routing\Dispatcher.php, line 167
[main] - APP\webroot\index.php, line 106

2016-05-21 16:28:27 Debug: Notice (8): Undefined index: doc in [C:\xampp\htdocs\qasystems\View\Docs\index.ctp, line 113]
Trace:
include - APP\View\Docs\index.ctp, line 113
View::_evaluate() - CORE\Cake\View\View.php, line 961
View::_render() - CORE\Cake\View\View.php, line 923
View::render() - CORE\Cake\View\View.php, line 473
Controller::render() - CORE\Cake\Controller\Controller.php, line 960
Dispatcher::_invoke() - CORE\Cake\Routing\Dispatcher.php, line 200
Dispatcher::dispatch() - CORE\Cake\Routing\Dispatcher.php, line 167
[main] - APP\webroot\index.php, line 106

2016-05-21 16:28:29 Debug: Notice (8): Undefined index: doc in [C:\xampp\htdocs\qasystems\View\Docs\index.ctp, line 113]
Trace:
include - APP\View\Docs\index.ctp, line 113
View::_evaluate() - CORE\Cake\View\View.php, line 961
View::_render() - CORE\Cake\View\View.php, line 923
View::render() - CORE\Cake\View\View.php, line 473
Controller::render() - CORE\Cake\Controller\Controller.php, line 960
Dispatcher::_invoke() - CORE\Cake\Routing\Dispatcher.php, line 200
Dispatcher::dispatch() - CORE\Cake\Routing\Dispatcher.php, line 167
[main] - APP\webroot\index.php, line 106

2016-05-23 07:46:25 Debug: Notice (8): Undefined index: doc in [C:\xampp\htdocs\qasystems\View\Docs\index.ctp, line 113]
Trace:
include - APP\View\Docs\index.ctp, line 113
View::_evaluate() - CORE\Cake\View\View.php, line 961
View::_render() - CORE\Cake\View\View.php, line 923
View::render() - CORE\Cake\View\View.php, line 473
Controller::render() - CORE\Cake\Controller\Controller.php, line 960
Dispatcher::_invoke() - CORE\Cake\Routing\Dispatcher.php, line 200
Dispatcher::dispatch() - CORE\Cake\Routing\Dispatcher.php, line 167
[main] - APP\webroot\index.php, line 106

2016-05-23 07:53:02 Debug: Notice (8): Undefined index: doc in [C:\xampp\htdocs\qasystems\View\Docs\index.ctp, line 113]
Trace:
include - APP\View\Docs\index.ctp, line 113
View::_evaluate() - CORE\Cake\View\View.php, line 961
View::_render() - CORE\Cake\View\View.php, line 923
View::render() - CORE\Cake\View\View.php, line 473
Controller::render() - CORE\Cake\Controller\Controller.php, line 960
Dispatcher::_invoke() - CORE\Cake\Routing\Dispatcher.php, line 200
Dispatcher::dispatch() - CORE\Cake\Routing\Dispatcher.php, line 167
[main] - APP\webroot\index.php, line 106

2016-05-23 07:54:00 Debug: Notice (8): Undefined index: doc in [C:\xampp\htdocs\qasystems\View\Docs\index.ctp, line 113]
Trace:
include - APP\View\Docs\index.ctp, line 113
View::_evaluate() - CORE\Cake\View\View.php, line 961
View::_render() - CORE\Cake\View\View.php, line 923
View::render() - CORE\Cake\View\View.php, line 473
Controller::render() - CORE\Cake\Controller\Controller.php, line 960
Dispatcher::_invoke() - CORE\Cake\Routing\Dispatcher.php, line 200
Dispatcher::dispatch() - CORE\Cake\Routing\Dispatcher.php, line 167
[main] - APP\webroot\index.php, line 106

2016-05-23 07:54:55 Debug: Notice (8): Undefined index: doc in [C:\xampp\htdocs\qasystems\View\Docs\index.ctp, line 113]
Trace:
include - APP\View\Docs\index.ctp, line 113
View::_evaluate() - CORE\Cake\View\View.php, line 961
View::_render() - CORE\Cake\View\View.php, line 923
View::render() - CORE\Cake\View\View.php, line 473
Controller::render() - CORE\Cake\Controller\Controller.php, line 960
Dispatcher::_invoke() - CORE\Cake\Routing\Dispatcher.php, line 200
Dispatcher::dispatch() - CORE\Cake\Routing\Dispatcher.php, line 167
[main] - APP\webroot\index.php, line 106

2016-05-23 07:55:26 Debug: Notice (8): Undefined variable: dep in [C:\xampp\htdocs\qasystems\View\Docs\dept.ctp, line 115]
Trace:
include - APP\View\Docs\dept.ctp, line 115
View::_evaluate() - CORE\Cake\View\View.php, line 961
View::_render() - CORE\Cake\View\View.php, line 923
View::render() - CORE\Cake\View\View.php, line 473
Controller::render() - CORE\Cake\Controller\Controller.php, line 960
Dispatcher::_invoke() - CORE\Cake\Routing\Dispatcher.php, line 200
Dispatcher::dispatch() - CORE\Cake\Routing\Dispatcher.php, line 167
[main] - APP\webroot\index.php, line 106

2016-05-23 08:05:55 Debug: Notice (8): Undefined index: doc in [C:\xampp\htdocs\qasystems\View\Docs\index.ctp, line 113]
Trace:
include - APP\View\Docs\index.ctp, line 113
View::_evaluate() - CORE\Cake\View\View.php, line 961
View::_render() - CORE\Cake\View\View.php, line 923
View::render() - CORE\Cake\View\View.php, line 473
Controller::render() - CORE\Cake\Controller\Controller.php, line 960
Dispatcher::_invoke() - CORE\Cake\Routing\Dispatcher.php, line 200
Dispatcher::dispatch() - CORE\Cake\Routing\Dispatcher.php, line 167
[main] - APP\webroot\index.php, line 106

2016-05-23 08:11:46 Debug: Notice (8): Undefined index: doc in [C:\xampp\htdocs\qasystems\View\Docs\index.ctp, line 113]
Trace:
include - APP\View\Docs\index.ctp, line 113
View::_evaluate() - CORE\Cake\View\View.php, line 961
View::_render() - CORE\Cake\View\View.php, line 923
View::render() - CORE\Cake\View\View.php, line 473
Controller::render() - CORE\Cake\Controller\Controller.php, line 960
Dispatcher::_invoke() - CORE\Cake\Routing\Dispatcher.php, line 200
Dispatcher::dispatch() - CORE\Cake\Routing\Dispatcher.php, line 167
[main] - APP\webroot\index.php, line 106

2016-05-23 08:12:11 Debug: Notice (8): Undefined index: doc in [C:\xampp\htdocs\qasystems\View\Docs\index.ctp, line 113]
Trace:
include - APP\View\Docs\index.ctp, line 113
View::_evaluate() - CORE\Cake\View\View.php, line 961
View::_render() - CORE\Cake\View\View.php, line 923
View::render() - CORE\Cake\View\View.php, line 473
Controller::render() - CORE\Cake\Controller\Controller.php, line 960
Dispatcher::_invoke() - CORE\Cake\Routing\Dispatcher.php, line 200
Dispatcher::dispatch() - CORE\Cake\Routing\Dispatcher.php, line 167
[main] - APP\webroot\index.php, line 106

2016-05-23 08:12:38 Debug: Notice (8): Undefined index: doc in [C:\xampp\htdocs\qasystems\View\Docs\index.ctp, line 113]
Trace:
include - APP\View\Docs\index.ctp, line 113
View::_evaluate() - CORE\Cake\View\View.php, line 961
View::_render() - CORE\Cake\View\View.php, line 923
View::render() - CORE\Cake\View\View.php, line 473
Controller::render() - CORE\Cake\Controller\Controller.php, line 960
Dispatcher::_invoke() - CORE\Cake\Routing\Dispatcher.php, line 200
Dispatcher::dispatch() - CORE\Cake\Routing\Dispatcher.php, line 167
[main] - APP\webroot\index.php, line 106

2016-05-23 08:17:25 Debug: Notice (8): Undefined index: doc in [C:\xampp\htdocs\qasystems\View\Docs\index.ctp, line 113]
Trace:
include - APP\View\Docs\index.ctp, line 113
View::_evaluate() - CORE\Cake\View\View.php, line 961
View::_render() - CORE\Cake\View\View.php, line 923
View::render() - CORE\Cake\View\View.php, line 473
Controller::render() - CORE\Cake\Controller\Controller.php, line 960
Dispatcher::_invoke() - CORE\Cake\Routing\Dispatcher.php, line 200
Dispatcher::dispatch() - CORE\Cake\Routing\Dispatcher.php, line 167
[main] - APP\webroot\index.php, line 106

2016-05-23 08:17:33 Debug: Notice (8): Undefined index: doc in [C:\xampp\htdocs\qasystems\View\Docs\index.ctp, line 113]
Trace:
include - APP\View\Docs\index.ctp, line 113
View::_evaluate() - CORE\Cake\View\View.php, line 961
View::_render() - CORE\Cake\View\View.php, line 923
View::render() - CORE\Cake\View\View.php, line 473
Controller::render() - CORE\Cake\Controller\Controller.php, line 960
Dispatcher::_invoke() - CORE\Cake\Routing\Dispatcher.php, line 200
Dispatcher::dispatch() - CORE\Cake\Routing\Dispatcher.php, line 167
[main] - APP\webroot\index.php, line 106

2016-05-23 08:17:54 Debug: Notice (8): Undefined index: doc in [C:\xampp\htdocs\qasystems\View\Docs\index.ctp, line 113]
Trace:
include - APP\View\Docs\index.ctp, line 113
View::_evaluate() - CORE\Cake\View\View.php, line 961
View::_render() - CORE\Cake\View\View.php, line 923
View::render() - CORE\Cake\View\View.php, line 473
Controller::render() - CORE\Cake\Controller\Controller.php, line 960
Dispatcher::_invoke() - CORE\Cake\Routing\Dispatcher.php, line 200
Dispatcher::dispatch() - CORE\Cake\Routing\Dispatcher.php, line 167
[main] - APP\webroot\index.php, line 106

2016-05-23 08:18:14 Debug: Notice (8): Undefined index: doc in [C:\xampp\htdocs\qasystems\View\Docs\index.ctp, line 113]
Trace:
include - APP\View\Docs\index.ctp, line 113
View::_evaluate() - CORE\Cake\View\View.php, line 961
View::_render() - CORE\Cake\View\View.php, line 923
View::render() - CORE\Cake\View\View.php, line 473
Controller::render() - CORE\Cake\Controller\Controller.php, line 960
Dispatcher::_invoke() - CORE\Cake\Routing\Dispatcher.php, line 200
Dispatcher::dispatch() - CORE\Cake\Routing\Dispatcher.php, line 167
[main] - APP\webroot\index.php, line 106

2016-05-23 08:19:05 Debug: Notice (8): Undefined index: doc in [C:\xampp\htdocs\qasystems\View\Docs\index.ctp, line 113]
Trace:
include - APP\View\Docs\index.ctp, line 113
View::_evaluate() - CORE\Cake\View\View.php, line 961
View::_render() - CORE\Cake\View\View.php, line 923
View::render() - CORE\Cake\View\View.php, line 473
Controller::render() - CORE\Cake\Controller\Controller.php, line 960
Dispatcher::_invoke() - CORE\Cake\Routing\Dispatcher.php, line 200
Dispatcher::dispatch() - CORE\Cake\Routing\Dispatcher.php, line 167
[main] - APP\webroot\index.php, line 106

2016-05-23 08:20:27 Debug: Notice (8): Undefined index: doc in [C:\xampp\htdocs\qasystems\View\Docs\index.ctp, line 113]
Trace:
include - APP\View\Docs\index.ctp, line 113
View::_evaluate() - CORE\Cake\View\View.php, line 961
View::_render() - CORE\Cake\View\View.php, line 923
View::render() - CORE\Cake\View\View.php, line 473
Controller::render() - CORE\Cake\Controller\Controller.php, line 960
Dispatcher::_invoke() - CORE\Cake\Routing\Dispatcher.php, line 200
Dispatcher::dispatch() - CORE\Cake\Routing\Dispatcher.php, line 167
[main] - APP\webroot\index.php, line 106

2016-05-23 08:20:58 Debug: Notice (8): Undefined index: doc in [C:\xampp\htdocs\qasystems\View\Docs\index.ctp, line 113]
Trace:
include - APP\View\Docs\index.ctp, line 113
View::_evaluate() - CORE\Cake\View\View.php, line 961
View::_render() - CORE\Cake\View\View.php, line 923
View::render() - CORE\Cake\View\View.php, line 473
Controller::render() - CORE\Cake\Controller\Controller.php, line 960
Dispatcher::_invoke() - CORE\Cake\Routing\Dispatcher.php, line 200
Dispatcher::dispatch() - CORE\Cake\Routing\Dispatcher.php, line 167
[main] - APP\webroot\index.php, line 106

2016-05-23 08:21:42 Debug: Notice (8): Undefined index: doc in [C:\xampp\htdocs\qasystems\View\Docs\index.ctp, line 113]
Trace:
include - APP\View\Docs\index.ctp, line 113
View::_evaluate() - CORE\Cake\View\View.php, line 961
View::_render() - CORE\Cake\View\View.php, line 923
View::render() - CORE\Cake\View\View.php, line 473
Controller::render() - CORE\Cake\Controller\Controller.php, line 960
Dispatcher::_invoke() - CORE\Cake\Routing\Dispatcher.php, line 200
Dispatcher::dispatch() - CORE\Cake\Routing\Dispatcher.php, line 167
[main] - APP\webroot\index.php, line 106

2016-05-23 08:22:21 Debug: Notice (8): Undefined index: doc in [C:\xampp\htdocs\qasystems\View\Docs\index.ctp, line 113]
Trace:
include - APP\View\Docs\index.ctp, line 113
View::_evaluate() - CORE\Cake\View\View.php, line 961
View::_render() - CORE\Cake\View\View.php, line 923
View::render() - CORE\Cake\View\View.php, line 473
Controller::render() - CORE\Cake\Controller\Controller.php, line 960
Dispatcher::_invoke() - CORE\Cake\Routing\Dispatcher.php, line 200
Dispatcher::dispatch() - CORE\Cake\Routing\Dispatcher.php, line 167
[main] - APP\webroot\index.php, line 106

2016-05-23 08:26:03 Debug: Notice (8): Undefined index: doc in [C:\xampp\htdocs\qasystems\View\Docs\index.ctp, line 113]
Trace:
include - APP\View\Docs\index.ctp, line 113
View::_evaluate() - CORE\Cake\View\View.php, line 961
View::_render() - CORE\Cake\View\View.php, line 923
View::render() - CORE\Cake\View\View.php, line 473
Controller::render() - CORE\Cake\Controller\Controller.php, line 960
Dispatcher::_invoke() - CORE\Cake\Routing\Dispatcher.php, line 200
Dispatcher::dispatch() - CORE\Cake\Routing\Dispatcher.php, line 167
[main] - APP\webroot\index.php, line 106

2016-05-23 08:35:48 Debug: Notice (8): Undefined index: doc in [C:\xampp\htdocs\qasystems\View\Docs\index.ctp, line 113]
Trace:
include - APP\View\Docs\index.ctp, line 113
View::_evaluate() - CORE\Cake\View\View.php, line 961
View::_render() - CORE\Cake\View\View.php, line 923
View::render() - CORE\Cake\View\View.php, line 473
Controller::render() - CORE\Cake\Controller\Controller.php, line 960
Dispatcher::_invoke() - CORE\Cake\Routing\Dispatcher.php, line 200
Dispatcher::dispatch() - CORE\Cake\Routing\Dispatcher.php, line 167
[main] - APP\webroot\index.php, line 106

2016-05-23 08:53:25 Debug: Notice (8): Undefined index: doc in [C:\xampp\htdocs\qasystems\View\Docs\index.ctp, line 113]
Trace:
include - APP\View\Docs\index.ctp, line 113
View::_evaluate() - CORE\Cake\View\View.php, line 961
View::_render() - CORE\Cake\View\View.php, line 923
View::render() - CORE\Cake\View\View.php, line 473
Controller::render() - CORE\Cake\Controller\Controller.php, line 960
Dispatcher::_invoke() - CORE\Cake\Routing\Dispatcher.php, line 200
Dispatcher::dispatch() - CORE\Cake\Routing\Dispatcher.php, line 167
[main] - APP\webroot\index.php, line 106

2016-05-23 09:04:26 Debug: Notice (8): Undefined index: doc in [C:\xampp\htdocs\qasystems\View\Docs\index.ctp, line 113]
Trace:
include - APP\View\Docs\index.ctp, line 113
View::_evaluate() - CORE\Cake\View\View.php, line 961
View::_render() - CORE\Cake\View\View.php, line 923
View::render() - CORE\Cake\View\View.php, line 473
Controller::render() - CORE\Cake\Controller\Controller.php, line 960
Dispatcher::_invoke() - CORE\Cake\Routing\Dispatcher.php, line 200
Dispatcher::dispatch() - CORE\Cake\Routing\Dispatcher.php, line 167
[main] - APP\webroot\index.php, line 106

2016-05-23 09:18:31 Debug: Notice (8): Undefined index: doc in [C:\xampp\htdocs\qasystems\View\Docs\index.ctp, line 113]
Trace:
include - APP\View\Docs\index.ctp, line 113
View::_evaluate() - CORE\Cake\View\View.php, line 961
View::_render() - CORE\Cake\View\View.php, line 923
View::render() - CORE\Cake\View\View.php, line 473
Controller::render() - CORE\Cake\Controller\Controller.php, line 960
Dispatcher::_invoke() - CORE\Cake\Routing\Dispatcher.php, line 200
Dispatcher::dispatch() - CORE\Cake\Routing\Dispatcher.php, line 167
[main] - APP\webroot\index.php, line 106

2016-05-23 09:18:38 Debug: Notice (8): Undefined index: doc in [C:\xampp\htdocs\qasystems\View\Docs\index.ctp, line 113]
Trace:
include - APP\View\Docs\index.ctp, line 113
View::_evaluate() - CORE\Cake\View\View.php, line 961
View::_render() - CORE\Cake\View\View.php, line 923
View::render() - CORE\Cake\View\View.php, line 473
Controller::render() - CORE\Cake\Controller\Controller.php, line 960
Dispatcher::_invoke() - CORE\Cake\Routing\Dispatcher.php, line 200
Dispatcher::dispatch() - CORE\Cake\Routing\Dispatcher.php, line 167
[main] - APP\webroot\index.php, line 106

2016-05-23 09:44:54 Debug: Notice (8): Undefined index: doc in [C:\xampp\htdocs\qasystems\View\Docs\index.ctp, line 113]
Trace:
include - APP\View\Docs\index.ctp, line 113
View::_evaluate() - CORE\Cake\View\View.php, line 961
View::_render() - CORE\Cake\View\View.php, line 923
View::render() - CORE\Cake\View\View.php, line 473
Controller::render() - CORE\Cake\Controller\Controller.php, line 960
Dispatcher::_invoke() - CORE\Cake\Routing\Dispatcher.php, line 200
Dispatcher::dispatch() - CORE\Cake\Routing\Dispatcher.php, line 167
[main] - APP\webroot\index.php, line 106

